2015-10-28 14:01:16 Error: [MissingActionException] Action UsersController::assets() could not be found.
Exception Attributes: array (
  'controller' => 'UsersController',
  'action' => 'assets',
)
Request URL: /paula_mendonca/Desenvolvimento/admin/users/assets/images/meta_icons/favicon.png
Stack Trace:
#0 D:\www\paula_mendonca\Desenvolvimento\lib\Cake\Routing\Dispatcher.php(191): Controller->invokeAction(Object(CakeRequest))
#1 D:\www\paula_mendonca\Desenvolvimento\lib\Cake\Routing\Dispatcher.php(165): Dispatcher->_invoke(Object(UsersController), Object(CakeRequest))
#2 D:\www\paula_mendonca\Desenvolvimento\admin\index.php(107): Dispatcher->dispatch(Object(CakeRequest), Object(CakeResponse))
#3 {main}
2015-10-28 14:03:30 Error: [MissingControllerException] Controller class ParceirosController could not be found.
Exception Attributes: array (
  'class' => 'ParceirosController',
  'plugin' => NULL,
)
Request URL: /paula_mendonca/Desenvolvimento/admin/Parceiros
Stack Trace:
#0 D:\www\paula_mendonca\Desenvolvimento\admin\index.php(107): Dispatcher->dispatch(Object(CakeRequest), Object(CakeResponse))
#1 {main}
2015-10-28 14:04:30 Error: [MissingViewException] View file "D:\www\paula_mendonca\Desenvolvimento\app\admin\View\Parceiros\index.ctp" is missing.
Exception Attributes: array (
  'file' => 'D:\\www\\paula_mendonca\\Desenvolvimento\\app\\admin\\View\\Parceiros\\index.ctp',
)
Request URL: /paula_mendonca/Desenvolvimento/admin/Parceiros
Stack Trace:
#0 D:\www\paula_mendonca\Desenvolvimento\lib\Cake\View\View.php(468): View->_getViewFileName(NULL)
#1 D:\www\paula_mendonca\Desenvolvimento\lib\Cake\Controller\Controller.php(954): View->render(NULL, NULL)
#2 D:\www\paula_mendonca\Desenvolvimento\lib\Cake\Routing\Dispatcher.php(198): Controller->render()
#3 D:\www\paula_mendonca\Desenvolvimento\lib\Cake\Routing\Dispatcher.php(165): Dispatcher->_invoke(Object(ParceirosController), Object(CakeRequest))
#4 D:\www\paula_mendonca\Desenvolvimento\admin\index.php(107): Dispatcher->dispatch(Object(CakeRequest), Object(CakeResponse))
#5 {main}
2015-10-28 14:12:26 Error: [MissingActionException] Action ParceirosController::img() could not be found.
Exception Attributes: array (
  'controller' => 'ParceirosController',
  'action' => 'img',
)
Request URL: /paula_mendonca/Desenvolvimento/admin/Parceiros/img/meta_icons/favicon.png
Stack Trace:
#0 D:\www\paula_mendonca\Desenvolvimento\lib\Cake\Routing\Dispatcher.php(191): Controller->invokeAction(Object(CakeRequest))
#1 D:\www\paula_mendonca\Desenvolvimento\lib\Cake\Routing\Dispatcher.php(165): Dispatcher->_invoke(Object(ParceirosController), Object(CakeRequest))
#2 D:\www\paula_mendonca\Desenvolvimento\admin\index.php(107): Dispatcher->dispatch(Object(CakeRequest), Object(CakeResponse))
#3 {main}
2015-10-28 14:16:23 Error: [MissingControllerException] Controller class ProdutosController could not be found.
Exception Attributes: array (
  'class' => 'ProdutosController',
  'plugin' => NULL,
)
Request URL: /paula_mendonca/Desenvolvimento/admin/Produtos
Stack Trace:
#0 D:\www\paula_mendonca\Desenvolvimento\admin\index.php(107): Dispatcher->dispatch(Object(CakeRequest), Object(CakeResponse))
#1 {main}
2015-10-28 14:16:50 Error: [MissingControllerException] Controller class ProdutosController could not be found.
Exception Attributes: array (
  'class' => 'ProdutosController',
  'plugin' => NULL,
)
Request URL: /paula_mendonca/Desenvolvimento/admin/Produtos
Stack Trace:
#0 D:\www\paula_mendonca\Desenvolvimento\admin\index.php(107): Dispatcher->dispatch(Object(CakeRequest), Object(CakeResponse))
#1 {main}
2015-10-28 14:16:52 Error: [MissingTableException] Table tb_conteudos for model Conteudo was not found in datasource default.
Exception Attributes: array (
  'table' => 'tb_conteudos',
  'class' => 'Conteudo',
  'ds' => 'default',
)
Request URL: /paula_mendonca/Desenvolvimento/admin/Conteudos
Stack Trace:
#0 D:\www\paula_mendonca\Desenvolvimento\lib\Cake\Model\Model.php(3504): Model->setSource('conteudos')
#1 D:\www\paula_mendonca\Desenvolvimento\lib\Cake\Model\Model.php(2905): Model->getDataSource()
#2 D:\www\paula_mendonca\Desenvolvimento\lib\Cake\Model\Model.php(2877): Model->_readDataSource('all', Array)
#3 D:\www\paula_mendonca\Desenvolvimento\lib\Cake\Controller\Component\PaginatorComponent.php(198): Model->find('all', Array)
#4 D:\www\paula_mendonca\Desenvolvimento\app\admin\Controller\ConteudosController.php(27): PaginatorComponent->paginate()
#5 [internal function]: ConteudosController->index()
#6 D:\www\paula_mendonca\Desenvolvimento\lib\Cake\Controller\Controller.php(490): ReflectionMethod->invokeArgs(Object(ConteudosController), Array)
#7 D:\www\paula_mendonca\Desenvolvimento\lib\Cake\Routing\Dispatcher.php(191): Controller->invokeAction(Object(CakeRequest))
#8 D:\www\paula_mendonca\Desenvolvimento\lib\Cake\Routing\Dispatcher.php(165): Dispatcher->_invoke(Object(ConteudosController), Object(CakeRequest))
#9 D:\www\paula_mendonca\Desenvolvimento\admin\index.php(107): Dispatcher->dispatch(Object(CakeRequest), Object(CakeResponse))
#10 {main}
2015-10-28 14:19:09 Error: [MissingControllerException] Controller class ServicosController could not be found.
Exception Attributes: array (
  'class' => 'ServicosController',
  'plugin' => NULL,
)
Request URL: /paula_mendonca/Desenvolvimento/admin/Servicos
Stack Trace:
#0 D:\www\paula_mendonca\Desenvolvimento\admin\index.php(107): Dispatcher->dispatch(Object(CakeRequest), Object(CakeResponse))
#1 {main}
2015-10-28 14:23:48 Error: [MissingActionException] Action ServicosController::img() could not be found.
Exception Attributes: array (
  'controller' => 'ServicosController',
  'action' => 'img',
)
Request URL: /paula_mendonca/Desenvolvimento/admin/Servicos/img/meta_icons/favicon.png
Stack Trace:
#0 D:\www\paula_mendonca\Desenvolvimento\lib\Cake\Routing\Dispatcher.php(191): Controller->invokeAction(Object(CakeRequest))
#1 D:\www\paula_mendonca\Desenvolvimento\lib\Cake\Routing\Dispatcher.php(165): Dispatcher->_invoke(Object(ServicosController), Object(CakeRequest))
#2 D:\www\paula_mendonca\Desenvolvimento\admin\index.php(107): Dispatcher->dispatch(Object(CakeRequest), Object(CakeResponse))
#3 {main}
2015-10-28 14:24:45 Error: [MissingControllerException] Controller class JsController could not be found.
Exception Attributes: array (
  'class' => 'JsController',
  'plugin' => 'Imgadmin',
)
Request URL: /paula_mendonca/Desenvolvimento/admin/imgadmin/js/ckeditor/contents.css
Stack Trace:
#0 D:\www\paula_mendonca\Desenvolvimento\admin\index.php(107): Dispatcher->dispatch(Object(CakeRequest), Object(CakeResponse))
#1 {main}
2015-10-28 14:25:27 Error: [MissingControllerException] Controller class JsController could not be found.
Exception Attributes: array (
  'class' => 'JsController',
  'plugin' => 'Imgadmin',
)
Request URL: /paula_mendonca/Desenvolvimento/admin/imgadmin/js/ckeditor/contents.css
Stack Trace:
#0 D:\www\paula_mendonca\Desenvolvimento\admin\index.php(107): Dispatcher->dispatch(Object(CakeRequest), Object(CakeResponse))
#1 {main}
2016-10-06 17:08:42 Error: [MissingTableException] Table tb_usuarios for model User was not found in datasource default.
Exception Attributes: array (
  'table' => 'tb_usuarios',
  'class' => 'User',
  'ds' => 'default',
)
Request URL: /betania_raquel/Desenvolvimento/admin/users/login
Stack Trace:
#0 E:\AquaInterativa\Projetos\betania_raquel\Desenvolvimento\lib\Cake\Model\Model.php(3504): Model->setSource('usuarios')
#1 E:\AquaInterativa\Projetos\betania_raquel\Desenvolvimento\lib\Cake\Model\Model.php(1357): Model->getDataSource()
#2 E:\AquaInterativa\Projetos\betania_raquel\Desenvolvimento\lib\Cake\View\Helper\FormHelper.php(215): Model->schema()
#3 E:\AquaInterativa\Projetos\betania_raquel\Desenvolvimento\lib\Cake\View\Helper\FormHelper.php(468): FormHelper->_introspectModel('User', 'fields')
#4 E:\AquaInterativa\Projetos\betania_raquel\Desenvolvimento\app\admin\View\Users\login.ctp(91): FormHelper->create('User', Array)
#5 E:\AquaInterativa\Projetos\betania_raquel\Desenvolvimento\lib\Cake\View\View.php(948): include('E:\AquaInterati...')
#6 E:\AquaInterativa\Projetos\betania_raquel\Desenvolvimento\lib\Cake\View\View.php(910): View->_evaluate('E:\AquaInterati...', Array)
#7 E:\AquaInterativa\Projetos\betania_raquel\Desenvolvimento\lib\Cake\View\View.php(471): View->_render('E:\AquaInterati...')
#8 E:\AquaInterativa\Projetos\betania_raquel\Desenvolvimento\lib\Cake\Controller\Controller.php(954): View->render(NULL, NULL)
#9 E:\AquaInterativa\Projetos\betania_raquel\Desenvolvimento\lib\Cake\Routing\Dispatcher.php(198): Controller->render()
#10 E:\AquaInterativa\Projetos\betania_raquel\Desenvolvimento\lib\Cake\Routing\Dispatcher.php(165): Dispatcher->_invoke(Object(UsersController), Object(CakeRequest))
#11 E:\AquaInterativa\Projetos\betania_raquel\Desenvolvimento\admin\index.php(107): Dispatcher->dispatch(Object(CakeRequest), Object(CakeResponse))
#12 {main}
2016-10-06 17:08:42 Error: [MissingControllerException] Controller class UploadController could not be found.
Exception Attributes: array (
  'class' => 'UploadController',
  'plugin' => NULL,
)
Request URL: /betania_raquel/Desenvolvimento/admin//upload/users//s_
Stack Trace:
#0 E:\AquaInterativa\Projetos\betania_raquel\Desenvolvimento\admin\index.php(107): Dispatcher->dispatch(Object(CakeRequest), Object(CakeResponse))
#1 {main}
2016-10-06 17:08:43 Error: [MissingControllerException] Controller class UploadController could not be found.
Exception Attributes: array (
  'class' => 'UploadController',
  'plugin' => NULL,
)
Request URL: /betania_raquel/Desenvolvimento/admin//upload/users//s_
Stack Trace:
#0 E:\AquaInterativa\Projetos\betania_raquel\Desenvolvimento\admin\index.php(107): Dispatcher->dispatch(Object(CakeRequest), Object(CakeResponse))
#1 {main}
2016-10-06 17:08:43 Error: [MissingActionException] Action UsersController::assets() could not be found.
Exception Attributes: array (
  'controller' => 'UsersController',
  'action' => 'assets',
)
Request URL: /betania_raquel/Desenvolvimento/admin/users/assets/images/meta_icons/favicon.png
Stack Trace:
#0 E:\AquaInterativa\Projetos\betania_raquel\Desenvolvimento\lib\Cake\Routing\Dispatcher.php(191): Controller->invokeAction(Object(CakeRequest))
#1 E:\AquaInterativa\Projetos\betania_raquel\Desenvolvimento\lib\Cake\Routing\Dispatcher.php(165): Dispatcher->_invoke(Object(UsersController), Object(CakeRequest))
#2 E:\AquaInterativa\Projetos\betania_raquel\Desenvolvimento\admin\index.php(107): Dispatcher->dispatch(Object(CakeRequest), Object(CakeResponse))
#3 {main}
2016-10-06 17:10:34 Error: [MissingTableException] Table tb_conteudos for model Conteudo was not found in datasource default.
Exception Attributes: array (
  'table' => 'tb_conteudos',
  'class' => 'Conteudo',
  'ds' => 'default',
)
Request URL: /betania_raquel/Desenvolvimento/admin/Conteudos
Stack Trace:
#0 E:\AquaInterativa\Projetos\betania_raquel\Desenvolvimento\lib\Cake\Model\Model.php(3504): Model->setSource('conteudos')
#1 E:\AquaInterativa\Projetos\betania_raquel\Desenvolvimento\lib\Cake\Model\Model.php(2905): Model->getDataSource()
#2 E:\AquaInterativa\Projetos\betania_raquel\Desenvolvimento\lib\Cake\Model\Model.php(2877): Model->_readDataSource('all', Array)
#3 E:\AquaInterativa\Projetos\betania_raquel\Desenvolvimento\lib\Cake\Controller\Component\PaginatorComponent.php(198): Model->find('all', Array)
#4 E:\AquaInterativa\Projetos\betania_raquel\Desenvolvimento\app\admin\Controller\ConteudosController.php(27): PaginatorComponent->paginate()
#5 [internal function]: ConteudosController->index()
#6 E:\AquaInterativa\Projetos\betania_raquel\Desenvolvimento\lib\Cake\Controller\Controller.php(490): ReflectionMethod->invokeArgs(Object(ConteudosController), Array)
#7 E:\AquaInterativa\Projetos\betania_raquel\Desenvolvimento\lib\Cake\Routing\Dispatcher.php(191): Controller->invokeAction(Object(CakeRequest))
#8 E:\AquaInterativa\Projetos\betania_raquel\Desenvolvimento\lib\Cake\Routing\Dispatcher.php(165): Dispatcher->_invoke(Object(ConteudosController), Object(CakeRequest))
#9 E:\AquaInterativa\Projetos\betania_raquel\Desenvolvimento\admin\index.php(107): Dispatcher->dispatch(Object(CakeRequest), Object(CakeResponse))
#10 {main}
2016-10-06 17:21:43 Error: [MissingTableException] Table tb_servicos for model Servico was not found in datasource default.
Exception Attributes: array (
  'table' => 'tb_servicos',
  'class' => 'Servico',
  'ds' => 'default',
)
Request URL: /betania_raquel/Desenvolvimento/admin/Servicos
Stack Trace:
#0 E:\AquaInterativa\Projetos\betania_raquel\Desenvolvimento\lib\Cake\Model\Model.php(3504): Model->setSource('servicos')
#1 E:\AquaInterativa\Projetos\betania_raquel\Desenvolvimento\lib\Cake\Model\Model.php(2905): Model->getDataSource()
#2 E:\AquaInterativa\Projetos\betania_raquel\Desenvolvimento\lib\Cake\Model\Model.php(2877): Model->_readDataSource('all', Array)
#3 E:\AquaInterativa\Projetos\betania_raquel\Desenvolvimento\lib\Cake\Controller\Component\PaginatorComponent.php(198): Model->find('all', Array)
#4 E:\AquaInterativa\Projetos\betania_raquel\Desenvolvimento\app\admin\Controller\ServicosController.php(25): PaginatorComponent->paginate()
#5 [internal function]: ServicosController->index()
#6 E:\AquaInterativa\Projetos\betania_raquel\Desenvolvimento\lib\Cake\Controller\Controller.php(490): ReflectionMethod->invokeArgs(Object(ServicosController), Array)
#7 E:\AquaInterativa\Projetos\betania_raquel\Desenvolvimento\lib\Cake\Routing\Dispatcher.php(191): Controller->invokeAction(Object(CakeRequest))
#8 E:\AquaInterativa\Projetos\betania_raquel\Desenvolvimento\lib\Cake\Routing\Dispatcher.php(165): Dispatcher->_invoke(Object(ServicosController), Object(CakeRequest))
#9 E:\AquaInterativa\Projetos\betania_raquel\Desenvolvimento\admin\index.php(107): Dispatcher->dispatch(Object(CakeRequest), Object(CakeResponse))
#10 {main}
2016-10-06 17:35:35 Error: [MissingActionException] Action DestaquesController::img() could not be found.
Exception Attributes: array (
  'controller' => 'DestaquesController',
  'action' => 'img',
)
Request URL: /betania_raquel/Desenvolvimento/admin/Destaques/img/meta_icons/favicon.png
Stack Trace:
#0 E:\AquaInterativa\Projetos\betania_raquel\Desenvolvimento\lib\Cake\Routing\Dispatcher.php(191): Controller->invokeAction(Object(CakeRequest))
#1 E:\AquaInterativa\Projetos\betania_raquel\Desenvolvimento\lib\Cake\Routing\Dispatcher.php(165): Dispatcher->_invoke(Object(DestaquesController), Object(CakeRequest))
#2 E:\AquaInterativa\Projetos\betania_raquel\Desenvolvimento\admin\index.php(107): Dispatcher->dispatch(Object(CakeRequest), Object(CakeResponse))
#3 {main}
2016-10-13 17:24:03 Error: [MissingActionException] Action UsersController::assets() could not be found.
Exception Attributes: array (
  'controller' => 'UsersController',
  'action' => 'assets',
)
Request URL: /betania_raquel/Desenvolvimento/admin/users/assets/images/meta_icons/favicon.png
Stack Trace:
#0 E:\AquaInterativa\Projetos\betania_raquel\Desenvolvimento\lib\Cake\Routing\Dispatcher.php(191): Controller->invokeAction(Object(CakeRequest))
#1 E:\AquaInterativa\Projetos\betania_raquel\Desenvolvimento\lib\Cake\Routing\Dispatcher.php(165): Dispatcher->_invoke(Object(UsersController), Object(CakeRequest))
#2 E:\AquaInterativa\Projetos\betania_raquel\Desenvolvimento\admin\index.php(107): Dispatcher->dispatch(Object(CakeRequest), Object(CakeResponse))
#3 {main}
2016-10-13 17:44:29 Error: [MissingActionException] Action DestaquesController::img() could not be found.
Exception Attributes: array (
  'controller' => 'DestaquesController',
  'action' => 'img',
)
Request URL: /betania_raquel/Desenvolvimento/admin/Destaques/img/meta_icons/favicon.png
Stack Trace:
#0 E:\AquaInterativa\Projetos\betania_raquel\Desenvolvimento\lib\Cake\Routing\Dispatcher.php(191): Controller->invokeAction(Object(CakeRequest))
#1 E:\AquaInterativa\Projetos\betania_raquel\Desenvolvimento\lib\Cake\Routing\Dispatcher.php(165): Dispatcher->_invoke(Object(DestaquesController), Object(CakeRequest))
#2 E:\AquaInterativa\Projetos\betania_raquel\Desenvolvimento\admin\index.php(107): Dispatcher->dispatch(Object(CakeRequest), Object(CakeResponse))
#3 {main}
2016-10-13 19:29:06 Error: [MissingTableException] Table tb_conteudos for model Conteudo was not found in datasource default.
Exception Attributes: array (
  'table' => 'tb_conteudos',
  'class' => 'Conteudo',
  'ds' => 'default',
)
Request URL: /betania_raquel/Desenvolvimento/admin/Conteudos
Stack Trace:
#0 E:\AquaInterativa\Projetos\betania_raquel\Desenvolvimento\lib\Cake\Model\Model.php(3504): Model->setSource('conteudos')
#1 E:\AquaInterativa\Projetos\betania_raquel\Desenvolvimento\lib\Cake\Model\Model.php(2905): Model->getDataSource()
#2 E:\AquaInterativa\Projetos\betania_raquel\Desenvolvimento\lib\Cake\Model\Model.php(2877): Model->_readDataSource('all', Array)
#3 E:\AquaInterativa\Projetos\betania_raquel\Desenvolvimento\lib\Cake\Controller\Component\PaginatorComponent.php(198): Model->find('all', Array)
#4 E:\AquaInterativa\Projetos\betania_raquel\Desenvolvimento\app\admin\Controller\ConteudosController.php(27): PaginatorComponent->paginate()
#5 [internal function]: ConteudosController->index()
#6 E:\AquaInterativa\Projetos\betania_raquel\Desenvolvimento\lib\Cake\Controller\Controller.php(490): ReflectionMethod->invokeArgs(Object(ConteudosController), Array)
#7 E:\AquaInterativa\Projetos\betania_raquel\Desenvolvimento\lib\Cake\Routing\Dispatcher.php(191): Controller->invokeAction(Object(CakeRequest))
#8 E:\AquaInterativa\Projetos\betania_raquel\Desenvolvimento\lib\Cake\Routing\Dispatcher.php(165): Dispatcher->_invoke(Object(ConteudosController), Object(CakeRequest))
#9 E:\AquaInterativa\Projetos\betania_raquel\Desenvolvimento\admin\index.php(107): Dispatcher->dispatch(Object(CakeRequest), Object(CakeResponse))
#10 {main}
2016-10-13 19:29:28 Error: [MissingTableException] Table tb_conteudos for model Conteudo was not found in datasource default.
Exception Attributes: array (
  'table' => 'tb_conteudos',
  'class' => 'Conteudo',
  'ds' => 'default',
)
Request URL: /betania_raquel/Desenvolvimento/admin/Conteudos
Stack Trace:
#0 E:\AquaInterativa\Projetos\betania_raquel\Desenvolvimento\lib\Cake\Model\Model.php(3504): Model->setSource('conteudos')
#1 E:\AquaInterativa\Projetos\betania_raquel\Desenvolvimento\lib\Cake\Model\Model.php(2905): Model->getDataSource()
#2 E:\AquaInterativa\Projetos\betania_raquel\Desenvolvimento\lib\Cake\Model\Model.php(2877): Model->_readDataSource('all', Array)
#3 E:\AquaInterativa\Projetos\betania_raquel\Desenvolvimento\lib\Cake\Controller\Component\PaginatorComponent.php(198): Model->find('all', Array)
#4 E:\AquaInterativa\Projetos\betania_raquel\Desenvolvimento\app\admin\Controller\ConteudosController.php(27): PaginatorComponent->paginate()
#5 [internal function]: ConteudosController->index()
#6 E:\AquaInterativa\Projetos\betania_raquel\Desenvolvimento\lib\Cake\Controller\Controller.php(490): ReflectionMethod->invokeArgs(Object(ConteudosController), Array)
#7 E:\AquaInterativa\Projetos\betania_raquel\Desenvolvimento\lib\Cake\Routing\Dispatcher.php(191): Controller->invokeAction(Object(CakeRequest))
#8 E:\AquaInterativa\Projetos\betania_raquel\Desenvolvimento\lib\Cake\Routing\Dispatcher.php(165): Dispatcher->_invoke(Object(ConteudosController), Object(CakeRequest))
#9 E:\AquaInterativa\Projetos\betania_raquel\Desenvolvimento\admin\index.php(107): Dispatcher->dispatch(Object(CakeRequest), Object(CakeResponse))
#10 {main}
2016-10-13 19:29:48 Error: [MissingTableException] Table tb_servicos for model Servico was not found in datasource default.
Exception Attributes: array (
  'table' => 'tb_servicos',
  'class' => 'Servico',
  'ds' => 'default',
)
Request URL: /betania_raquel/Desenvolvimento/admin/Servicos
Stack Trace:
#0 E:\AquaInterativa\Projetos\betania_raquel\Desenvolvimento\lib\Cake\Model\Model.php(3504): Model->setSource('servicos')
#1 E:\AquaInterativa\Projetos\betania_raquel\Desenvolvimento\lib\Cake\Model\Model.php(2905): Model->getDataSource()
#2 E:\AquaInterativa\Projetos\betania_raquel\Desenvolvimento\lib\Cake\Model\Model.php(2877): Model->_readDataSource('all', Array)
#3 E:\AquaInterativa\Projetos\betania_raquel\Desenvolvimento\lib\Cake\Controller\Component\PaginatorComponent.php(198): Model->find('all', Array)
#4 E:\AquaInterativa\Projetos\betania_raquel\Desenvolvimento\app\admin\Controller\ServicosController.php(25): PaginatorComponent->paginate()
#5 [internal function]: ServicosController->index()
#6 E:\AquaInterativa\Projetos\betania_raquel\Desenvolvimento\lib\Cake\Controller\Controller.php(490): ReflectionMethod->invokeArgs(Object(ServicosController), Array)
#7 E:\AquaInterativa\Projetos\betania_raquel\Desenvolvimento\lib\Cake\Routing\Dispatcher.php(191): Controller->invokeAction(Object(CakeRequest))
#8 E:\AquaInterativa\Projetos\betania_raquel\Desenvolvimento\lib\Cake\Routing\Dispatcher.php(165): Dispatcher->_invoke(Object(ServicosController), Object(CakeRequest))
#9 E:\AquaInterativa\Projetos\betania_raquel\Desenvolvimento\admin\index.php(107): Dispatcher->dispatch(Object(CakeRequest), Object(CakeResponse))
#10 {main}
2016-10-13 19:45:45 Error: [MissingViewException] View file "E:\AquaInterativa\Projetos\betania_raquel\Desenvolvimento\app\admin\View\Cursos\add.ctp" is missing.
Exception Attributes: array (
  'file' => 'E:\\AquaInterativa\\Projetos\\betania_raquel\\Desenvolvimento\\app\\admin\\View\\Cursos\\add.ctp',
)
Request URL: /betania_raquel/Desenvolvimento/admin/Cursos/add
Stack Trace:
#0 E:\AquaInterativa\Projetos\betania_raquel\Desenvolvimento\lib\Cake\View\View.php(468): View->_getViewFileName(NULL)
#1 E:\AquaInterativa\Projetos\betania_raquel\Desenvolvimento\lib\Cake\Controller\Controller.php(954): View->render(NULL, NULL)
#2 E:\AquaInterativa\Projetos\betania_raquel\Desenvolvimento\lib\Cake\Routing\Dispatcher.php(198): Controller->render()
#3 E:\AquaInterativa\Projetos\betania_raquel\Desenvolvimento\lib\Cake\Routing\Dispatcher.php(165): Dispatcher->_invoke(Object(CursosController), Object(CakeRequest))
#4 E:\AquaInterativa\Projetos\betania_raquel\Desenvolvimento\admin\index.php(107): Dispatcher->dispatch(Object(CakeRequest), Object(CakeResponse))
#5 {main}
2016-10-13 19:45:46 Error: [MissingActionException] Action CursosController::img() could not be found.
Exception Attributes: array (
  'controller' => 'CursosController',
  'action' => 'img',
)
Request URL: /betania_raquel/Desenvolvimento/admin/Cursos/img/meta_icons/favicon.png
Stack Trace:
#0 E:\AquaInterativa\Projetos\betania_raquel\Desenvolvimento\lib\Cake\Routing\Dispatcher.php(191): Controller->invokeAction(Object(CakeRequest))
#1 E:\AquaInterativa\Projetos\betania_raquel\Desenvolvimento\lib\Cake\Routing\Dispatcher.php(165): Dispatcher->_invoke(Object(CursosController), Object(CakeRequest))
#2 E:\AquaInterativa\Projetos\betania_raquel\Desenvolvimento\admin\index.php(107): Dispatcher->dispatch(Object(CakeRequest), Object(CakeResponse))
#3 {main}
2016-10-13 19:52:31 Error: [PDOException] SQLSTATE[42S22]: Column not found: 1054 Unknown column 'Animal.id' in 'where clause'
Request URL: /betania_raquel/Desenvolvimento/admin/Cursos/edit/36
Stack Trace:
#0 E:\AquaInterativa\Projetos\betania_raquel\Desenvolvimento\lib\Cake\Model\Datasource\DboSource.php(458): PDOStatement->execute(Array)
#1 E:\AquaInterativa\Projetos\betania_raquel\Desenvolvimento\lib\Cake\Model\Datasource\DboSource.php(424): DboSource->_execute('SELECT `Curso`....', Array)
#2 E:\AquaInterativa\Projetos\betania_raquel\Desenvolvimento\lib\Cake\Model\Datasource\DboSource.php(666): DboSource->execute('SELECT `Curso`....', Array, Array)
#3 E:\AquaInterativa\Projetos\betania_raquel\Desenvolvimento\lib\Cake\Model\Datasource\DboSource.php(1106): DboSource->fetchAll('SELECT `Curso`....', false)
#4 E:\AquaInterativa\Projetos\betania_raquel\Desenvolvimento\lib\Cake\Model\Model.php(2905): DboSource->read(Object(Curso), Array)
#5 E:\AquaInterativa\Projetos\betania_raquel\Desenvolvimento\lib\Cake\Model\Model.php(2877): Model->_readDataSource('first', Array)
#6 E:\AquaInterativa\Projetos\betania_raquel\Desenvolvimento\app\admin\Controller\CursosController.php(80): Model->find('first', Array)
#7 [internal function]: CursosController->edit('36')
#8 E:\AquaInterativa\Projetos\betania_raquel\Desenvolvimento\lib\Cake\Controller\Controller.php(490): ReflectionMethod->invokeArgs(Object(CursosController), Array)
#9 E:\AquaInterativa\Projetos\betania_raquel\Desenvolvimento\lib\Cake\Routing\Dispatcher.php(191): Controller->invokeAction(Object(CakeRequest))
#10 E:\AquaInterativa\Projetos\betania_raquel\Desenvolvimento\lib\Cake\Routing\Dispatcher.php(165): Dispatcher->_invoke(Object(CursosController), Object(CakeRequest))
#11 E:\AquaInterativa\Projetos\betania_raquel\Desenvolvimento\admin\index.php(107): Dispatcher->dispatch(Object(CakeRequest), Object(CakeResponse))
#12 {main}
2016-10-13 19:52:32 Error: [PDOException] SQLSTATE[42S22]: Column not found: 1054 Unknown column 'Animal.id' in 'where clause'
Request URL: /betania_raquel/Desenvolvimento/admin/Cursos/edit/img/meta_icons/favicon.png
Stack Trace:
#0 E:\AquaInterativa\Projetos\betania_raquel\Desenvolvimento\lib\Cake\Model\Datasource\DboSource.php(458): PDOStatement->execute(Array)
#1 E:\AquaInterativa\Projetos\betania_raquel\Desenvolvimento\lib\Cake\Model\Datasource\DboSource.php(424): DboSource->_execute('SELECT `Curso`....', Array)
#2 E:\AquaInterativa\Projetos\betania_raquel\Desenvolvimento\lib\Cake\Model\Datasource\DboSource.php(666): DboSource->execute('SELECT `Curso`....', Array, Array)
#3 E:\AquaInterativa\Projetos\betania_raquel\Desenvolvimento\lib\Cake\Model\Datasource\DboSource.php(1106): DboSource->fetchAll('SELECT `Curso`....', false)
#4 E:\AquaInterativa\Projetos\betania_raquel\Desenvolvimento\lib\Cake\Model\Model.php(2905): DboSource->read(Object(Curso), Array)
#5 E:\AquaInterativa\Projetos\betania_raquel\Desenvolvimento\lib\Cake\Model\Model.php(2877): Model->_readDataSource('first', Array)
#6 E:\AquaInterativa\Projetos\betania_raquel\Desenvolvimento\app\admin\Controller\CursosController.php(80): Model->find('first', Array)
#7 [internal function]: CursosController->edit('img', 'meta_icons', 'favicon.png')
#8 E:\AquaInterativa\Projetos\betania_raquel\Desenvolvimento\lib\Cake\Controller\Controller.php(490): ReflectionMethod->invokeArgs(Object(CursosController), Array)
#9 E:\AquaInterativa\Projetos\betania_raquel\Desenvolvimento\lib\Cake\Routing\Dispatcher.php(191): Controller->invokeAction(Object(CakeRequest))
#10 E:\AquaInterativa\Projetos\betania_raquel\Desenvolvimento\lib\Cake\Routing\Dispatcher.php(165): Dispatcher->_invoke(Object(CursosController), Object(CakeRequest))
#11 E:\AquaInterativa\Projetos\betania_raquel\Desenvolvimento\admin\index.php(107): Dispatcher->dispatch(Object(CakeRequest), Object(CakeResponse))
#12 {main}
2016-10-14 16:48:15 Error: [MissingActionException] Action UsersController::assets() could not be found.
Exception Attributes: array (
  'controller' => 'UsersController',
  'action' => 'assets',
)
Request URL: /betania_raquel/Desenvolvimento/admin/users/assets/images/meta_icons/favicon.png
Stack Trace:
#0 E:\AquaInterativa\Projetos\betania_raquel\Desenvolvimento\lib\Cake\Routing\Dispatcher.php(191): Controller->invokeAction(Object(CakeRequest))
#1 E:\AquaInterativa\Projetos\betania_raquel\Desenvolvimento\lib\Cake\Routing\Dispatcher.php(165): Dispatcher->_invoke(Object(UsersController), Object(CakeRequest))
#2 E:\AquaInterativa\Projetos\betania_raquel\Desenvolvimento\admin\index.php(107): Dispatcher->dispatch(Object(CakeRequest), Object(CakeResponse))
#3 {main}
2016-10-14 16:48:24 Error: [MissingActionException] Action CursosController::img() could not be found.
Exception Attributes: array (
  'controller' => 'CursosController',
  'action' => 'img',
)
Request URL: /betania_raquel/Desenvolvimento/admin/Cursos/img/meta_icons/favicon.png
Stack Trace:
#0 E:\AquaInterativa\Projetos\betania_raquel\Desenvolvimento\lib\Cake\Routing\Dispatcher.php(191): Controller->invokeAction(Object(CakeRequest))
#1 E:\AquaInterativa\Projetos\betania_raquel\Desenvolvimento\lib\Cake\Routing\Dispatcher.php(165): Dispatcher->_invoke(Object(CursosController), Object(CakeRequest))
#2 E:\AquaInterativa\Projetos\betania_raquel\Desenvolvimento\admin\index.php(107): Dispatcher->dispatch(Object(CakeRequest), Object(CakeResponse))
#3 {main}
2016-10-14 18:16:38 Error: [MissingActionException] Action ServicosController::img() could not be found.
Exception Attributes: array (
  'controller' => 'ServicosController',
  'action' => 'img',
)
Request URL: /betania_raquel/Desenvolvimento/admin/Servicos/img/meta_icons/favicon.png
Stack Trace:
#0 E:\AquaInterativa\Projetos\betania_raquel\Desenvolvimento\lib\Cake\Routing\Dispatcher.php(191): Controller->invokeAction(Object(CakeRequest))
#1 E:\AquaInterativa\Projetos\betania_raquel\Desenvolvimento\lib\Cake\Routing\Dispatcher.php(165): Dispatcher->_invoke(Object(ServicosController), Object(CakeRequest))
#2 E:\AquaInterativa\Projetos\betania_raquel\Desenvolvimento\admin\index.php(107): Dispatcher->dispatch(Object(CakeRequest), Object(CakeResponse))
#3 {main}
2016-10-14 19:01:04 Error: [MissingTableException] Table tb_parceiros for model Parceiro was not found in datasource default.
Exception Attributes: array (
  'table' => 'tb_parceiros',
  'class' => 'Parceiro',
  'ds' => 'default',
)
Request URL: /betania_raquel/Desenvolvimento/admin/Parceiros
Stack Trace:
#0 E:\AquaInterativa\Projetos\betania_raquel\Desenvolvimento\lib\Cake\Model\Model.php(3504): Model->setSource('parceiros')
#1 E:\AquaInterativa\Projetos\betania_raquel\Desenvolvimento\lib\Cake\Model\Model.php(2905): Model->getDataSource()
#2 E:\AquaInterativa\Projetos\betania_raquel\Desenvolvimento\lib\Cake\Model\Model.php(2877): Model->_readDataSource('all', Array)
#3 E:\AquaInterativa\Projetos\betania_raquel\Desenvolvimento\lib\Cake\Controller\Component\PaginatorComponent.php(198): Model->find('all', Array)
#4 E:\AquaInterativa\Projetos\betania_raquel\Desenvolvimento\app\admin\Controller\ParceirosController.php(25): PaginatorComponent->paginate()
#5 [internal function]: ParceirosController->index()
#6 E:\AquaInterativa\Projetos\betania_raquel\Desenvolvimento\lib\Cake\Controller\Controller.php(490): ReflectionMethod->invokeArgs(Object(ParceirosController), Array)
#7 E:\AquaInterativa\Projetos\betania_raquel\Desenvolvimento\lib\Cake\Routing\Dispatcher.php(191): Controller->invokeAction(Object(CakeRequest))
#8 E:\AquaInterativa\Projetos\betania_raquel\Desenvolvimento\lib\Cake\Routing\Dispatcher.php(165): Dispatcher->_invoke(Object(ParceirosController), Object(CakeRequest))
#9 E:\AquaInterativa\Projetos\betania_raquel\Desenvolvimento\admin\index.php(107): Dispatcher->dispatch(Object(CakeRequest), Object(CakeResponse))
#10 {main}
2016-10-14 19:01:28 Error: [MissingTableException] Table tb_parceiros for model Parceiro was not found in datasource default.
Exception Attributes: array (
  'table' => 'tb_parceiros',
  'class' => 'Parceiro',
  'ds' => 'default',
)
Request URL: /betania_raquel/Desenvolvimento/admin/Parceiros
Stack Trace:
#0 E:\AquaInterativa\Projetos\betania_raquel\Desenvolvimento\lib\Cake\Model\Model.php(3504): Model->setSource('parceiros')
#1 E:\AquaInterativa\Projetos\betania_raquel\Desenvolvimento\lib\Cake\Model\Model.php(2905): Model->getDataSource()
#2 E:\AquaInterativa\Projetos\betania_raquel\Desenvolvimento\lib\Cake\Model\Model.php(2877): Model->_readDataSource('all', Array)
#3 E:\AquaInterativa\Projetos\betania_raquel\Desenvolvimento\lib\Cake\Controller\Component\PaginatorComponent.php(198): Model->find('all', Array)
#4 E:\AquaInterativa\Projetos\betania_raquel\Desenvolvimento\app\admin\Controller\ParceirosController.php(25): PaginatorComponent->paginate()
#5 [internal function]: ParceirosController->index()
#6 E:\AquaInterativa\Projetos\betania_raquel\Desenvolvimento\lib\Cake\Controller\Controller.php(490): ReflectionMethod->invokeArgs(Object(ParceirosController), Array)
#7 E:\AquaInterativa\Projetos\betania_raquel\Desenvolvimento\lib\Cake\Routing\Dispatcher.php(191): Controller->invokeAction(Object(CakeRequest))
#8 E:\AquaInterativa\Projetos\betania_raquel\Desenvolvimento\lib\Cake\Routing\Dispatcher.php(165): Dispatcher->_invoke(Object(ParceirosController), Object(CakeRequest))
#9 E:\AquaInterativa\Projetos\betania_raquel\Desenvolvimento\admin\index.php(107): Dispatcher->dispatch(Object(CakeRequest), Object(CakeResponse))
#10 {main}
2016-10-14 19:19:36 Error: [MissingActionException] Action ParceirosController::img() could not be found.
Exception Attributes: array (
  'controller' => 'ParceirosController',
  'action' => 'img',
)
Request URL: /betania_raquel/Desenvolvimento/admin/Parceiros/img/meta_icons/favicon.png
Stack Trace:
#0 E:\AquaInterativa\Projetos\betania_raquel\Desenvolvimento\lib\Cake\Routing\Dispatcher.php(191): Controller->invokeAction(Object(CakeRequest))
#1 E:\AquaInterativa\Projetos\betania_raquel\Desenvolvimento\lib\Cake\Routing\Dispatcher.php(165): Dispatcher->_invoke(Object(ParceirosController), Object(CakeRequest))
#2 E:\AquaInterativa\Projetos\betania_raquel\Desenvolvimento\admin\index.php(107): Dispatcher->dispatch(Object(CakeRequest), Object(CakeResponse))
#3 {main}
2016-10-17 10:23:17 Error: [MissingActionException] Action UsersController::assets() could not be found.
Exception Attributes: array (
  'controller' => 'UsersController',
  'action' => 'assets',
)
Request URL: /betania_raquel/Desenvolvimento/admin/users/assets/images/meta_icons/favicon.png
Stack Trace:
#0 E:\AquaInterativa\Projetos\betania_raquel\Desenvolvimento\lib\Cake\Routing\Dispatcher.php(191): Controller->invokeAction(Object(CakeRequest))
#1 E:\AquaInterativa\Projetos\betania_raquel\Desenvolvimento\lib\Cake\Routing\Dispatcher.php(165): Dispatcher->_invoke(Object(UsersController), Object(CakeRequest))
#2 E:\AquaInterativa\Projetos\betania_raquel\Desenvolvimento\admin\index.php(107): Dispatcher->dispatch(Object(CakeRequest), Object(CakeResponse))
#3 {main}
2016-10-17 10:23:34 Error: [MissingActionException] Action ParceirosController::img() could not be found.
Exception Attributes: array (
  'controller' => 'ParceirosController',
  'action' => 'img',
)
Request URL: /betania_raquel/Desenvolvimento/admin/Parceiros/img/meta_icons/favicon.png
Stack Trace:
#0 E:\AquaInterativa\Projetos\betania_raquel\Desenvolvimento\lib\Cake\Routing\Dispatcher.php(191): Controller->invokeAction(Object(CakeRequest))
#1 E:\AquaInterativa\Projetos\betania_raquel\Desenvolvimento\lib\Cake\Routing\Dispatcher.php(165): Dispatcher->_invoke(Object(ParceirosController), Object(CakeRequest))
#2 E:\AquaInterativa\Projetos\betania_raquel\Desenvolvimento\admin\index.php(107): Dispatcher->dispatch(Object(CakeRequest), Object(CakeResponse))
#3 {main}
2016-10-17 10:24:29 Error: [MissingActionException] Action ServicosController::img() could not be found.
Exception Attributes: array (
  'controller' => 'ServicosController',
  'action' => 'img',
)
Request URL: /betania_raquel/Desenvolvimento/admin/Servicos/img/meta_icons/favicon.png
Stack Trace:
#0 E:\AquaInterativa\Projetos\betania_raquel\Desenvolvimento\lib\Cake\Routing\Dispatcher.php(191): Controller->invokeAction(Object(CakeRequest))
#1 E:\AquaInterativa\Projetos\betania_raquel\Desenvolvimento\lib\Cake\Routing\Dispatcher.php(165): Dispatcher->_invoke(Object(ServicosController), Object(CakeRequest))
#2 E:\AquaInterativa\Projetos\betania_raquel\Desenvolvimento\admin\index.php(107): Dispatcher->dispatch(Object(CakeRequest), Object(CakeResponse))
#3 {main}
2016-10-17 10:54:02 Error: [MissingActionException] Action DepoimentosController::img() could not be found.
Exception Attributes: array (
  'controller' => 'DepoimentosController',
  'action' => 'img',
)
Request URL: /betania_raquel/Desenvolvimento/admin/Depoimentos/img/meta_icons/favicon.png
Stack Trace:
#0 E:\AquaInterativa\Projetos\betania_raquel\Desenvolvimento\lib\Cake\Routing\Dispatcher.php(191): Controller->invokeAction(Object(CakeRequest))
#1 E:\AquaInterativa\Projetos\betania_raquel\Desenvolvimento\lib\Cake\Routing\Dispatcher.php(165): Dispatcher->_invoke(Object(DepoimentosController), Object(CakeRequest))
#2 E:\AquaInterativa\Projetos\betania_raquel\Desenvolvimento\admin\index.php(107): Dispatcher->dispatch(Object(CakeRequest), Object(CakeResponse))
#3 {main}
2016-10-18 10:24:39 Error: [MissingActionException] Action UsersController::assets() could not be found.
Exception Attributes: array (
  'controller' => 'UsersController',
  'action' => 'assets',
)
Request URL: /betania_raquel/Desenvolvimento/admin/users/assets/images/meta_icons/favicon.png
Stack Trace:
#0 E:\AquaInterativa\Projetos\betania_raquel\Desenvolvimento\lib\Cake\Routing\Dispatcher.php(191): Controller->invokeAction(Object(CakeRequest))
#1 E:\AquaInterativa\Projetos\betania_raquel\Desenvolvimento\lib\Cake\Routing\Dispatcher.php(165): Dispatcher->_invoke(Object(UsersController), Object(CakeRequest))
#2 E:\AquaInterativa\Projetos\betania_raquel\Desenvolvimento\admin\index.php(107): Dispatcher->dispatch(Object(CakeRequest), Object(CakeResponse))
#3 {main}
2016-10-19 10:15:28 Error: [MissingActionException] Action UsersController::assets() could not be found.
Exception Attributes: array (
  'controller' => 'UsersController',
  'action' => 'assets',
)
Request URL: /betania_raquel/Desenvolvimento/admin/users/assets/images/meta_icons/favicon.png
Stack Trace:
#0 E:\AquaInterativa\Projetos\betania_raquel\Desenvolvimento\lib\Cake\Routing\Dispatcher.php(191): Controller->invokeAction(Object(CakeRequest))
#1 E:\AquaInterativa\Projetos\betania_raquel\Desenvolvimento\lib\Cake\Routing\Dispatcher.php(165): Dispatcher->_invoke(Object(UsersController), Object(CakeRequest))
#2 E:\AquaInterativa\Projetos\betania_raquel\Desenvolvimento\admin\index.php(107): Dispatcher->dispatch(Object(CakeRequest), Object(CakeResponse))
#3 {main}
2016-10-19 10:41:52 Error: [MissingControllerException] Controller class JsController could not be found.
Exception Attributes: array (
  'class' => 'JsController',
  'plugin' => 'Imgadmin',
)
Request URL: /betania_raquel/Desenvolvimento/admin/imgadmin/js/ckeditor/contents.css
Stack Trace:
#0 E:\AquaInterativa\Projetos\betania_raquel\Desenvolvimento\admin\index.php(107): Dispatcher->dispatch(Object(CakeRequest), Object(CakeResponse))
#1 {main}
2016-10-19 10:46:29 Error: [MissingControllerException] Controller class JsController could not be found.
Exception Attributes: array (
  'class' => 'JsController',
  'plugin' => 'Imgadmin',
)
Request URL: /betania_raquel/Desenvolvimento/admin/imgadmin/js/ckeditor/contents.css
Stack Trace:
#0 E:\AquaInterativa\Projetos\betania_raquel\Desenvolvimento\admin\index.php(107): Dispatcher->dispatch(Object(CakeRequest), Object(CakeResponse))
#1 {main}
2016-10-19 10:47:18 Error: [MissingControllerException] Controller class JsController could not be found.
Exception Attributes: array (
  'class' => 'JsController',
  'plugin' => 'Imgadmin',
)
Request URL: /betania_raquel/Desenvolvimento/admin/imgadmin/js/ckeditor/contents.css
Stack Trace:
#0 E:\AquaInterativa\Projetos\betania_raquel\Desenvolvimento\admin\index.php(107): Dispatcher->dispatch(Object(CakeRequest), Object(CakeResponse))
#1 {main}
2016-10-19 10:48:37 Error: [MissingControllerException] Controller class JsController could not be found.
Exception Attributes: array (
  'class' => 'JsController',
  'plugin' => 'Imgadmin',
)
Request URL: /betania_raquel/Desenvolvimento/admin/imgadmin/js/ckeditor/contents.css
Stack Trace:
#0 E:\AquaInterativa\Projetos\betania_raquel\Desenvolvimento\admin\index.php(107): Dispatcher->dispatch(Object(CakeRequest), Object(CakeResponse))
#1 {main}
2016-10-19 10:49:06 Error: [MissingControllerException] Controller class JsController could not be found.
Exception Attributes: array (
  'class' => 'JsController',
  'plugin' => 'Imgadmin',
)
Request URL: /betania_raquel/Desenvolvimento/admin/imgadmin/js/ckeditor/contents.css
Stack Trace:
#0 E:\AquaInterativa\Projetos\betania_raquel\Desenvolvimento\admin\index.php(107): Dispatcher->dispatch(Object(CakeRequest), Object(CakeResponse))
#1 {main}
2016-10-19 10:49:21 Error: [MissingControllerException] Controller class JsController could not be found.
Exception Attributes: array (
  'class' => 'JsController',
  'plugin' => 'Imgadmin',
)
Request URL: /betania_raquel/Desenvolvimento/admin/imgadmin/js/ckeditor/contents.css
Stack Trace:
#0 E:\AquaInterativa\Projetos\betania_raquel\Desenvolvimento\admin\index.php(107): Dispatcher->dispatch(Object(CakeRequest), Object(CakeResponse))
#1 {main}
2016-10-19 10:49:36 Error: [MissingControllerException] Controller class JsController could not be found.
Exception Attributes: array (
  'class' => 'JsController',
  'plugin' => 'Imgadmin',
)
Request URL: /betania_raquel/Desenvolvimento/admin/imgadmin/js/ckeditor/contents.css
Stack Trace:
#0 E:\AquaInterativa\Projetos\betania_raquel\Desenvolvimento\admin\index.php(107): Dispatcher->dispatch(Object(CakeRequest), Object(CakeResponse))
#1 {main}
2016-10-19 10:49:51 Error: [MissingControllerException] Controller class JsController could not be found.
Exception Attributes: array (
  'class' => 'JsController',
  'plugin' => 'Imgadmin',
)
Request URL: /betania_raquel/Desenvolvimento/admin/imgadmin/js/ckeditor/contents.css
Stack Trace:
#0 E:\AquaInterativa\Projetos\betania_raquel\Desenvolvimento\admin\index.php(107): Dispatcher->dispatch(Object(CakeRequest), Object(CakeResponse))
#1 {main}
2016-10-19 10:50:04 Error: [MissingControllerException] Controller class JsController could not be found.
Exception Attributes: array (
  'class' => 'JsController',
  'plugin' => 'Imgadmin',
)
Request URL: /betania_raquel/Desenvolvimento/admin/imgadmin/js/ckeditor/contents.css
Stack Trace:
#0 E:\AquaInterativa\Projetos\betania_raquel\Desenvolvimento\admin\index.php(107): Dispatcher->dispatch(Object(CakeRequest), Object(CakeResponse))
#1 {main}
2016-10-19 11:08:45 Error: [MissingControllerException] Controller class JsController could not be found.
Exception Attributes: array (
  'class' => 'JsController',
  'plugin' => 'Imgadmin',
)
Request URL: /betania_raquel/Desenvolvimento/admin/imgadmin/js/ckeditor/contents.css
Stack Trace:
#0 E:\AquaInterativa\Projetos\betania_raquel\Desenvolvimento\admin\index.php(107): Dispatcher->dispatch(Object(CakeRequest), Object(CakeResponse))
#1 {main}
2016-10-19 11:10:35 Error: [MissingControllerException] Controller class JsController could not be found.
Exception Attributes: array (
  'class' => 'JsController',
  'plugin' => 'Imgadmin',
)
Request URL: /betania_raquel/Desenvolvimento/admin/imgadmin/js/ckeditor/contents.css
Stack Trace:
#0 E:\AquaInterativa\Projetos\betania_raquel\Desenvolvimento\admin\index.php(107): Dispatcher->dispatch(Object(CakeRequest), Object(CakeResponse))
#1 {main}
2016-10-19 11:10:40 Error: [MissingControllerException] Controller class JsController could not be found.
Exception Attributes: array (
  'class' => 'JsController',
  'plugin' => 'Imgadmin',
)
Request URL: /betania_raquel/Desenvolvimento/admin/imgadmin/js/ckeditor/contents.css
Stack Trace:
#0 E:\AquaInterativa\Projetos\betania_raquel\Desenvolvimento\admin\index.php(107): Dispatcher->dispatch(Object(CakeRequest), Object(CakeResponse))
#1 {main}
2016-10-19 11:10:47 Error: [MissingControllerException] Controller class JsController could not be found.
Exception Attributes: array (
  'class' => 'JsController',
  'plugin' => 'Imgadmin',
)
Request URL: /betania_raquel/Desenvolvimento/admin/imgadmin/js/ckeditor/contents.css
Stack Trace:
#0 E:\AquaInterativa\Projetos\betania_raquel\Desenvolvimento\admin\index.php(107): Dispatcher->dispatch(Object(CakeRequest), Object(CakeResponse))
#1 {main}
2016-10-19 11:10:53 Error: [MissingControllerException] Controller class JsController could not be found.
Exception Attributes: array (
  'class' => 'JsController',
  'plugin' => 'Imgadmin',
)
Request URL: /betania_raquel/Desenvolvimento/admin/imgadmin/js/ckeditor/contents.css
Stack Trace:
#0 E:\AquaInterativa\Projetos\betania_raquel\Desenvolvimento\admin\index.php(107): Dispatcher->dispatch(Object(CakeRequest), Object(CakeResponse))
#1 {main}
2016-10-19 11:11:00 Error: [MissingControllerException] Controller class JsController could not be found.
Exception Attributes: array (
  'class' => 'JsController',
  'plugin' => 'Imgadmin',
)
Request URL: /betania_raquel/Desenvolvimento/admin/imgadmin/js/ckeditor/contents.css
Stack Trace:
#0 E:\AquaInterativa\Projetos\betania_raquel\Desenvolvimento\admin\index.php(107): Dispatcher->dispatch(Object(CakeRequest), Object(CakeResponse))
#1 {main}
2016-10-19 11:11:19 Error: [MissingControllerException] Controller class JsController could not be found.
Exception Attributes: array (
  'class' => 'JsController',
  'plugin' => 'Imgadmin',
)
Request URL: /betania_raquel/Desenvolvimento/admin/imgadmin/js/ckeditor/contents.css
Stack Trace:
#0 E:\AquaInterativa\Projetos\betania_raquel\Desenvolvimento\admin\index.php(107): Dispatcher->dispatch(Object(CakeRequest), Object(CakeResponse))
#1 {main}
2016-10-19 11:12:58 Error: [MissingControllerException] Controller class JsController could not be found.
Exception Attributes: array (
  'class' => 'JsController',
  'plugin' => 'Imgadmin',
)
Request URL: /betania_raquel/Desenvolvimento/admin/imgadmin/js/ckeditor/contents.css
Stack Trace:
#0 E:\AquaInterativa\Projetos\betania_raquel\Desenvolvimento\admin\index.php(107): Dispatcher->dispatch(Object(CakeRequest), Object(CakeResponse))
#1 {main}
2016-10-19 13:22:20 Error: [MissingControllerException] Controller class JsController could not be found.
Exception Attributes: array (
  'class' => 'JsController',
  'plugin' => 'Imgadmin',
)
Request URL: /betania_raquel/Desenvolvimento/admin/imgadmin/js/ckeditor/contents.css
Stack Trace:
#0 E:\AquaInterativa\Projetos\betania_raquel\Desenvolvimento\admin\index.php(107): Dispatcher->dispatch(Object(CakeRequest), Object(CakeResponse))
#1 {main}
2016-10-20 11:05:43 Error: [MissingActionException] Action UsersController::assets() could not be found.
Exception Attributes: array (
  'controller' => 'UsersController',
  'action' => 'assets',
)
Request URL: /betania_raquel/Desenvolvimento/admin/users/assets/images/meta_icons/favicon.png
Stack Trace:
#0 E:\AquaInterativa\Projetos\betania_raquel\Desenvolvimento\lib\Cake\Routing\Dispatcher.php(191): Controller->invokeAction(Object(CakeRequest))
#1 E:\AquaInterativa\Projetos\betania_raquel\Desenvolvimento\lib\Cake\Routing\Dispatcher.php(165): Dispatcher->_invoke(Object(UsersController), Object(CakeRequest))
#2 E:\AquaInterativa\Projetos\betania_raquel\Desenvolvimento\admin\index.php(107): Dispatcher->dispatch(Object(CakeRequest), Object(CakeResponse))
#3 {main}
2016-10-20 11:06:03 Error: [MissingControllerException] Controller class JsController could not be found.
Exception Attributes: array (
  'class' => 'JsController',
  'plugin' => 'Imgadmin',
)
Request URL: /betania_raquel/Desenvolvimento/admin/imgadmin/js/ckeditor/contents.css
Stack Trace:
#0 E:\AquaInterativa\Projetos\betania_raquel\Desenvolvimento\admin\index.php(107): Dispatcher->dispatch(Object(CakeRequest), Object(CakeResponse))
#1 {main}
2016-10-20 11:07:10 Error: [MissingControllerException] Controller class JsController could not be found.
Exception Attributes: array (
  'class' => 'JsController',
  'plugin' => 'Imgadmin',
)
Request URL: /betania_raquel/Desenvolvimento/admin/imgadmin/js/ckeditor/contents.css
Stack Trace:
#0 E:\AquaInterativa\Projetos\betania_raquel\Desenvolvimento\admin\index.php(107): Dispatcher->dispatch(Object(CakeRequest), Object(CakeResponse))
#1 {main}
2016-10-20 11:07:21 Error: [MissingControllerException] Controller class JsController could not be found.
Exception Attributes: array (
  'class' => 'JsController',
  'plugin' => 'Imgadmin',
)
Request URL: /betania_raquel/Desenvolvimento/admin/imgadmin/js/ckeditor/contents.css
Stack Trace:
#0 E:\AquaInterativa\Projetos\betania_raquel\Desenvolvimento\admin\index.php(107): Dispatcher->dispatch(Object(CakeRequest), Object(CakeResponse))
#1 {main}
2016-10-20 11:07:36 Error: [MissingControllerException] Controller class JsController could not be found.
Exception Attributes: array (
  'class' => 'JsController',
  'plugin' => 'Imgadmin',
)
Request URL: /betania_raquel/Desenvolvimento/admin/imgadmin/js/ckeditor/contents.css
Stack Trace:
#0 E:\AquaInterativa\Projetos\betania_raquel\Desenvolvimento\admin\index.php(107): Dispatcher->dispatch(Object(CakeRequest), Object(CakeResponse))
#1 {main}
2016-10-20 11:07:57 Error: [MissingControllerException] Controller class JsController could not be found.
Exception Attributes: array (
  'class' => 'JsController',
  'plugin' => 'Imgadmin',
)
Request URL: /betania_raquel/Desenvolvimento/admin/imgadmin/js/ckeditor/contents.css
Stack Trace:
#0 E:\AquaInterativa\Projetos\betania_raquel\Desenvolvimento\admin\index.php(107): Dispatcher->dispatch(Object(CakeRequest), Object(CakeResponse))
#1 {main}
2016-10-20 11:08:06 Error: [MissingControllerException] Controller class JsController could not be found.
Exception Attributes: array (
  'class' => 'JsController',
  'plugin' => 'Imgadmin',
)
Request URL: /betania_raquel/Desenvolvimento/admin/imgadmin/js/ckeditor/contents.css
Stack Trace:
#0 E:\AquaInterativa\Projetos\betania_raquel\Desenvolvimento\admin\index.php(107): Dispatcher->dispatch(Object(CakeRequest), Object(CakeResponse))
#1 {main}
2016-10-20 13:08:43 Error: [MissingControllerException] Controller class JsController could not be found.
Exception Attributes: array (
  'class' => 'JsController',
  'plugin' => 'Imgadmin',
)
Request URL: /betania_raquel/Desenvolvimento/admin/imgadmin/js/ckeditor/contents.css
Stack Trace:
#0 E:\AquaInterativa\Projetos\betania_raquel\Desenvolvimento\admin\index.php(107): Dispatcher->dispatch(Object(CakeRequest), Object(CakeResponse))
#1 {main}
2016-10-20 13:12:58 Error: [MissingControllerException] Controller class JsController could not be found.
Exception Attributes: array (
  'class' => 'JsController',
  'plugin' => 'Imgadmin',
)
Request URL: /betania_raquel/Desenvolvimento/admin/imgadmin/js/ckeditor/contents.css
Stack Trace:
#0 E:\AquaInterativa\Projetos\betania_raquel\Desenvolvimento\admin\index.php(107): Dispatcher->dispatch(Object(CakeRequest), Object(CakeResponse))
#1 {main}
2016-10-20 13:16:21 Error: [MissingControllerException] Controller class JsController could not be found.
Exception Attributes: array (
  'class' => 'JsController',
  'plugin' => 'Imgadmin',
)
Request URL: /betania_raquel/Desenvolvimento/admin/imgadmin/js/ckeditor/contents.css
Stack Trace:
#0 E:\AquaInterativa\Projetos\betania_raquel\Desenvolvimento\admin\index.php(107): Dispatcher->dispatch(Object(CakeRequest), Object(CakeResponse))
#1 {main}
2016-10-20 13:26:19 Error: [MissingControllerException] Controller class JsController could not be found.
Exception Attributes: array (
  'class' => 'JsController',
  'plugin' => 'Imgadmin',
)
Request URL: /betania_raquel/Desenvolvimento/admin/imgadmin/js/ckeditor/contents.css
Stack Trace:
#0 E:\AquaInterativa\Projetos\betania_raquel\Desenvolvimento\admin\index.php(107): Dispatcher->dispatch(Object(CakeRequest), Object(CakeResponse))
#1 {main}
2016-10-20 13:26:28 Error: [MissingControllerException] Controller class JsController could not be found.
Exception Attributes: array (
  'class' => 'JsController',
  'plugin' => 'Imgadmin',
)
Request URL: /betania_raquel/Desenvolvimento/admin/imgadmin/js/ckeditor/contents.css
Stack Trace:
#0 E:\AquaInterativa\Projetos\betania_raquel\Desenvolvimento\admin\index.php(107): Dispatcher->dispatch(Object(CakeRequest), Object(CakeResponse))
#1 {main}
2016-10-20 13:26:35 Error: [MissingControllerException] Controller class JsController could not be found.
Exception Attributes: array (
  'class' => 'JsController',
  'plugin' => 'Imgadmin',
)
Request URL: /betania_raquel/Desenvolvimento/admin/imgadmin/js/ckeditor/contents.css
Stack Trace:
#0 E:\AquaInterativa\Projetos\betania_raquel\Desenvolvimento\admin\index.php(107): Dispatcher->dispatch(Object(CakeRequest), Object(CakeResponse))
#1 {main}
2016-10-20 13:27:36 Error: [MissingControllerException] Controller class JsController could not be found.
Exception Attributes: array (
  'class' => 'JsController',
  'plugin' => 'Imgadmin',
)
Request URL: /betania_raquel/Desenvolvimento/admin/imgadmin/js/ckeditor/contents.css
Stack Trace:
#0 E:\AquaInterativa\Projetos\betania_raquel\Desenvolvimento\admin\index.php(107): Dispatcher->dispatch(Object(CakeRequest), Object(CakeResponse))
#1 {main}
2016-10-20 13:40:17 Error: [MissingControllerException] Controller class JsController could not be found.
Exception Attributes: array (
  'class' => 'JsController',
  'plugin' => 'Imgadmin',
)
Request URL: /betania_raquel/Desenvolvimento/admin/imgadmin/js/ckeditor/contents.css
Stack Trace:
#0 E:\AquaInterativa\Projetos\betania_raquel\Desenvolvimento\admin\index.php(107): Dispatcher->dispatch(Object(CakeRequest), Object(CakeResponse))
#1 {main}
2016-10-20 13:40:56 Error: [MissingControllerException] Controller class JsController could not be found.
Exception Attributes: array (
  'class' => 'JsController',
  'plugin' => 'Imgadmin',
)
Request URL: /betania_raquel/Desenvolvimento/admin/imgadmin/js/ckeditor/contents.css
Stack Trace:
#0 E:\AquaInterativa\Projetos\betania_raquel\Desenvolvimento\admin\index.php(107): Dispatcher->dispatch(Object(CakeRequest), Object(CakeResponse))
#1 {main}
2016-10-21 10:24:15 Error: [MissingActionException] Action UsersController::assets() could not be found.
Exception Attributes: array (
  'controller' => 'UsersController',
  'action' => 'assets',
)
Request URL: /betania_raquel/Desenvolvimento/admin/users/assets/images/meta_icons/favicon.png
Stack Trace:
#0 E:\AquaInterativa\Projetos\betania_raquel\Desenvolvimento\lib\Cake\Routing\Dispatcher.php(191): Controller->invokeAction(Object(CakeRequest))
#1 E:\AquaInterativa\Projetos\betania_raquel\Desenvolvimento\lib\Cake\Routing\Dispatcher.php(165): Dispatcher->_invoke(Object(UsersController), Object(CakeRequest))
#2 E:\AquaInterativa\Projetos\betania_raquel\Desenvolvimento\admin\index.php(107): Dispatcher->dispatch(Object(CakeRequest), Object(CakeResponse))
#3 {main}
2016-10-21 10:24:26 Error: [MissingControllerException] Controller class JsController could not be found.
Exception Attributes: array (
  'class' => 'JsController',
  'plugin' => 'Imgadmin',
)
Request URL: /betania_raquel/Desenvolvimento/admin/imgadmin/js/ckeditor/contents.css
Stack Trace:
#0 E:\AquaInterativa\Projetos\betania_raquel\Desenvolvimento\admin\index.php(107): Dispatcher->dispatch(Object(CakeRequest), Object(CakeResponse))
#1 {main}
2016-10-21 10:24:51 Error: [MissingControllerException] Controller class JsController could not be found.
Exception Attributes: array (
  'class' => 'JsController',
  'plugin' => 'Imgadmin',
)
Request URL: /betania_raquel/Desenvolvimento/admin/imgadmin/js/ckeditor/contents.css
Stack Trace:
#0 E:\AquaInterativa\Projetos\betania_raquel\Desenvolvimento\admin\index.php(107): Dispatcher->dispatch(Object(CakeRequest), Object(CakeResponse))
#1 {main}
2016-10-21 10:25:18 Error: [MissingControllerException] Controller class JsController could not be found.
Exception Attributes: array (
  'class' => 'JsController',
  'plugin' => 'Imgadmin',
)
Request URL: /betania_raquel/Desenvolvimento/admin/imgadmin/js/ckeditor/contents.css
Stack Trace:
#0 E:\AquaInterativa\Projetos\betania_raquel\Desenvolvimento\admin\index.php(107): Dispatcher->dispatch(Object(CakeRequest), Object(CakeResponse))
#1 {main}
2016-11-01 10:45:23 Error: [MissingActionException] Action UsersController::assets() could not be found.
Exception Attributes: array (
  'controller' => 'UsersController',
  'action' => 'assets',
)
Request URL: /betania_raquel/Desenvolvimento/admin/users/assets/images/meta_icons/favicon.png
Stack Trace:
#0 E:\AquaInterativa\Projetos\betania_raquel\Desenvolvimento\lib\Cake\Routing\Dispatcher.php(191): Controller->invokeAction(Object(CakeRequest))
#1 E:\AquaInterativa\Projetos\betania_raquel\Desenvolvimento\lib\Cake\Routing\Dispatcher.php(165): Dispatcher->_invoke(Object(UsersController), Object(CakeRequest))
#2 E:\AquaInterativa\Projetos\betania_raquel\Desenvolvimento\admin\index.php(107): Dispatcher->dispatch(Object(CakeRequest), Object(CakeResponse))
#3 {main}
